<?xml version="1.0" encoding="UTF-8"?>
<testng-results ignored="0" total="2" passed="2" failed="0" skipped="0">
  <reporter-output>
  </reporter-output>
  <suite started-at="2024-01-05T21:39:09 IST" name="Suite" finished-at="2024-01-05T21:39:16 IST" duration-ms="6508">
    <groups>
    </groups>
    <test started-at="2024-01-05T21:39:09 IST" name="Test" finished-at="2024-01-05T21:39:16 IST" duration-ms="6508">
      <class name="testcases.LoginTest">
        <test-method is-config="true" signature="setupBrowser()[pri:0, instance:testcases.LoginTest@b978d10]" started-at="2024-01-05T21:39:10 IST" name="setupBrowser" finished-at="2024-01-05T21:39:13 IST" duration-ms="2765" status="PASS">
          <reporter-output>
          </reporter-output>
        </test-method> <!-- setupBrowser -->
        <test-method signature="loginToApplication(java.lang.String,java.lang.String)[pri:0, instance:testcases.LoginTest@b978d10]" started-at="2024-01-05T21:39:13 IST" name="loginToApplication" data-provider="loginDetails" finished-at="2024-01-05T21:39:13 IST" duration-ms="256" status="PASS">
          <params>
            <param index="0">
              <value>
                <![CDATA[ineuron@ineuron.ai]]>
              </value>
            </param>
            <param index="1">
              <value>
                <![CDATA[ineuron]]>
              </value>
            </param>
          </params>
          <reporter-output>
          </reporter-output>
        </test-method> <!-- loginToApplication -->
        <test-method is-config="true" signature="closeBrowser()[pri:0, instance:testcases.LoginTest@b978d10]" started-at="2024-01-05T21:39:13 IST" name="closeBrowser" finished-at="2024-01-05T21:39:13 IST" duration-ms="128" status="PASS">
          <reporter-output>
          </reporter-output>
        </test-method> <!-- closeBrowser -->
        <test-method is-config="true" signature="setupBrowser()[pri:0, instance:testcases.LoginTest@b978d10]" started-at="2024-01-05T21:39:13 IST" name="setupBrowser" finished-at="2024-01-05T21:39:15 IST" duration-ms="1731" status="PASS">
          <reporter-output>
          </reporter-output>
        </test-method> <!-- setupBrowser -->
        <test-method signature="loginToApplication(java.lang.String,java.lang.String)[pri:0, instance:testcases.LoginTest@b978d10]" started-at="2024-01-05T21:39:15 IST" name="loginToApplication" data-provider="loginDetails" finished-at="2024-01-05T21:39:15 IST" duration-ms="255" status="PASS">
          <params>
            <param index="0">
              <value>
                <![CDATA[admin@admin.com]]>
              </value>
            </param>
            <param index="1">
              <value>
                <![CDATA[admin]]>
              </value>
            </param>
          </params>
          <reporter-output>
          </reporter-output>
        </test-method> <!-- loginToApplication -->
        <test-method is-config="true" signature="closeBrowser()[pri:0, instance:testcases.LoginTest@b978d10]" started-at="2024-01-05T21:39:16 IST" name="closeBrowser" finished-at="2024-01-05T21:39:16 IST" duration-ms="122" status="PASS">
          <reporter-output>
          </reporter-output>
        </test-method> <!-- closeBrowser -->
      </class> <!-- testcases.LoginTest -->
    </test> <!-- Test -->
  </suite> <!-- Suite -->
</testng-results>
